0 info it worked if it ends with ok
1 verbose cli [ '/usr/bin/nodejs', '/usr/bin/npm', 'run', 'dev' ]
2 info using npm@1.4.21
3 info using node@v0.10.25
4 verbose run-script [ 'predev', 'dev', 'postdev' ]
5 info predev tnw@1.0.0
6 info dev tnw@1.0.0
7 verbose unsafe-perm in lifecycle true
8 info tnw@1.0.0 Failed to exec dev script
9 error tnw@1.0.0 dev: `wzrd app/index.js -- -t brfs -t cssify`
9 error Exit status 127
10 error Failed at the tnw@1.0.0 dev script.
10 error This is most likely a problem with the tnw package,
10 error not with npm itself.
10 error Tell the author that this fails on your system:
10 error     wzrd app/index.js -- -t brfs -t cssify
10 error You can get their info via:
10 error     npm owner ls tnw
10 error There is likely additional logging output above.
11 error System Linux 3.19.0-21-generic
12 error command "/usr/bin/nodejs" "/usr/bin/npm" "run" "dev"
13 error cwd /home/david/bivit/tnw
14 error node -v v0.10.25
15 error npm -v 1.4.21
16 error code ELIFECYCLE
17 verbose exit [ 1, true ]
