0 info it worked if it ends with ok
1 verbose cli [ '/usr/bin/nodejs', '/usr/bin/npm', 'install', '-g' ]
2 info using npm@1.4.21
3 info using node@v0.10.25
4 verbose cache add [ '.', null ]
5 verbose cache add name=undefined spec="." args=[".",null]
6 verbose parsed url { protocol: null,
6 verbose parsed url   slashes: null,
6 verbose parsed url   auth: null,
6 verbose parsed url   host: null,
6 verbose parsed url   port: null,
6 verbose parsed url   hostname: null,
6 verbose parsed url   hash: null,
6 verbose parsed url   search: null,
6 verbose parsed url   query: null,
6 verbose parsed url   pathname: '.',
6 verbose parsed url   path: '.',
6 verbose parsed url   href: '.' }
7 silly lockFile 3a52ce78- .
8 verbose lock . /home/david/.npm/3a52ce78-.lock
9 verbose tar pack [ '/home/david/.npm/bivitfrontsample/0.0.0/package.tgz', '.' ]
10 verbose tarball /home/david/.npm/bivitfrontsample/0.0.0/package.tgz
11 verbose folder .
12 info prepublish bivitfrontsample@0.0.0
13 silly lockFile 1f1177db-tar tar://.
14 verbose lock tar://. /home/david/.npm/1f1177db-tar.lock
15 silly lockFile 75ed75b2-vitfrontsample-0-0-0-package-tgz tar:///home/david/.npm/bivitfrontsample/0.0.0/package.tgz
16 verbose lock tar:///home/david/.npm/bivitfrontsample/0.0.0/package.tgz /home/david/.npm/75ed75b2-vitfrontsample-0-0-0-package-tgz.lock
17 silly lockFile 1f1177db-tar tar://.
18 silly lockFile 1f1177db-tar tar://.
19 silly lockFile 75ed75b2-vitfrontsample-0-0-0-package-tgz tar:///home/david/.npm/bivitfrontsample/0.0.0/package.tgz
20 silly lockFile 75ed75b2-vitfrontsample-0-0-0-package-tgz tar:///home/david/.npm/bivitfrontsample/0.0.0/package.tgz
21 silly lockFile 2fb17b9d-m-bivitfrontsample-0-0-0-package /home/david/.npm/bivitfrontsample/0.0.0/package
22 verbose lock /home/david/.npm/bivitfrontsample/0.0.0/package /home/david/.npm/2fb17b9d-m-bivitfrontsample-0-0-0-package.lock
23 silly lockFile 2fb17b9d-m-bivitfrontsample-0-0-0-package /home/david/.npm/bivitfrontsample/0.0.0/package
24 silly lockFile 2fb17b9d-m-bivitfrontsample-0-0-0-package /home/david/.npm/bivitfrontsample/0.0.0/package
25 silly lockFile 3a52ce78- .
26 silly lockFile 3a52ce78- .
27 silly resolved [ { name: 'bivitfrontsample',
27 silly resolved     version: '0.0.0',
27 silly resolved     main: 'server.js',
27 silly resolved     dependencies:
27 silly resolved      { express: '~4.0.0',
27 silly resolved        ejs: '~0.8.5',
27 silly resolved        mongoose: '~3.8.1',
27 silly resolved        passport: '~0.1.17',
27 silly resolved        'passport-local': '~0.1.6',
27 silly resolved        'passport-facebook': '~1.0.2',
27 silly resolved        'passport-twitter': '~1.0.2',
27 silly resolved        'passport-google-oauth': '~0.1.5',
27 silly resolved        'connect-flash': '~0.1.1',
27 silly resolved        'bcrypt-nodejs': 'latest',
27 silly resolved        morgan: '~1.0.0',
27 silly resolved        'body-parser': '~1.0.0',
27 silly resolved        'cookie-parser': '~1.0.0',
27 silly resolved        'express-session': '~1.0.0' },
27 silly resolved     devDependencies:
27 silly resolved      { grunt: '^0.4.1',
27 silly resolved        'grunt-autoprefixer': '^0.7.3',
27 silly resolved        'grunt-concurrent': '^0.5.0',
27 silly resolved        'grunt-contrib-clean': '^0.5.0',
27 silly resolved        'grunt-contrib-concat': '^0.4.0',
27 silly resolved        'grunt-contrib-connect': '^0.7.1',
27 silly resolved        'grunt-contrib-copy': '^0.5.0',
27 silly resolved        'grunt-contrib-cssmin': '^0.9.0',
27 silly resolved        'grunt-contrib-htmlmin': '^0.3.0',
27 silly resolved        'grunt-contrib-imagemin': '^0.7.0',
27 silly resolved        'grunt-contrib-jshint': '^0.10.0',
27 silly resolved        'grunt-contrib-uglify': '^0.4.0',
27 silly resolved        'grunt-contrib-watch': '^0.6.1',
27 silly resolved        'grunt-filerev': '^0.2.1',
27 silly resolved        'grunt-google-cdn': '^0.4.0',
27 silly resolved        'grunt-karma': '^0.8.3',
27 silly resolved        'grunt-newer': '^0.7.0',
27 silly resolved        'grunt-ngmin': '^0.0.3',
27 silly resolved        'grunt-svgmin': '^0.4.0',
27 silly resolved        'grunt-usemin': '^2.1.1',
27 silly resolved        'grunt-wiredep': '^1.7.0',
27 silly resolved        'jshint-stylish': '^0.2.0',
27 silly resolved        karma: '^0.12.17',
27 silly resolved        'karma-jasmine': '^0.1.5',
27 silly resolved        'karma-phantomjs-launcher': '^0.1.4',
27 silly resolved        'load-grunt-tasks': '^0.4.0',
27 silly resolved        'time-grunt': '^0.3.1' },
27 silly resolved     engines: { node: '>=0.10.0' },
27 silly resolved     scripts: { test: 'grunt test', start: 'node server.js' },
27 silly resolved     readme: 'ERROR: No README data found!',
27 silly resolved     _id: 'bivitfrontsample@0.0.0',
27 silly resolved     _shasum: '159efafd5bf1bfe348831e31c958b1f84555fc09',
27 silly resolved     _from: '.' } ]
28 info install bivitfrontsample@0.0.0 into /usr/local/lib
29 info installOne bivitfrontsample@0.0.0
30 verbose lib/node_modules/bivitfrontsample unbuild
31 verbose tar unpack /home/david/.npm/bivitfrontsample/0.0.0/package.tgz
32 silly lockFile 2ed9c88a-ib-node-modules-bivitfrontsample tar:///usr/local/lib/node_modules/bivitfrontsample
33 verbose lock tar:///usr/local/lib/node_modules/bivitfrontsample /home/david/.npm/2ed9c88a-ib-node-modules-bivitfrontsample.lock
34 silly lockFile 75ed75b2-vitfrontsample-0-0-0-package-tgz tar:///home/david/.npm/bivitfrontsample/0.0.0/package.tgz
35 verbose lock tar:///home/david/.npm/bivitfrontsample/0.0.0/package.tgz /home/david/.npm/75ed75b2-vitfrontsample-0-0-0-package-tgz.lock
36 silly gunzTarPerm modes [ '775', '664' ]
37 error Error: EACCES, mkdir '/usr/local/lib/node_modules/bivitfrontsample'
37 error  { [Error: EACCES, mkdir '/usr/local/lib/node_modules/bivitfrontsample']
37 error   errno: 3,
37 error   code: 'EACCES',
37 error   path: '/usr/local/lib/node_modules/bivitfrontsample',
37 error   fstream_type: 'Directory',
37 error   fstream_path: '/usr/local/lib/node_modules/bivitfrontsample',
37 error   fstream_class: 'DirWriter',
37 error   fstream_stack:
37 error    [ '/usr/lib/nodejs/fstream/lib/dir-writer.js:36:23',
37 error      '/usr/lib/nodejs/mkdirp/index.js:37:53',
37 error      'Object.oncomplete (fs.js:107:15)' ] }
38 error Please try running this command again as root/Administrator.
39 error System Linux 3.16.0-31-generic
40 error command "/usr/bin/nodejs" "/usr/bin/npm" "install" "-g"
41 error cwd /home/david/Desktop/Bivit_final/bivitbackend
42 error node -v v0.10.25
43 error npm -v 1.4.21
44 error path /usr/local/lib/node_modules/bivitfrontsample
45 error fstream_path /usr/local/lib/node_modules/bivitfrontsample
46 error fstream_type Directory
47 error fstream_class DirWriter
48 error code EACCES
49 error errno 3
50 error stack Error: EACCES, mkdir '/usr/local/lib/node_modules/bivitfrontsample'
51 error fstream_stack /usr/lib/nodejs/fstream/lib/dir-writer.js:36:23
51 error fstream_stack /usr/lib/nodejs/mkdirp/index.js:37:53
51 error fstream_stack Object.oncomplete (fs.js:107:15)
52 verbose exit [ 3, true ]
